a
abandon
abiding
ability
able
abolish
abortion
about
abraham
absolutely
academy
access
achieve
achieved
achieves
achieving
across
act
acting
action
actively
actually
added
addiction
adding
additional
address
administration
administrations
adoption
advance
advanced
advancing
advantage
adventure
affordable
afghanistan
african
after
again
against
age
agency
agenda
agent
ago
agree
agreement
agreements
aid
aids
air
airmen
al
alamo
alien
aliens
alive
all
allies
allow
allowed
almighty
almost
already
also
alternatives
altogether
always
alzheimer
am
amazing
ambitious
amelia
amendment
america
american
americans
among
amounts
amy
an
ancestors
and
annie
announce
announced
another
any
anyone
anything
anywhere
approached
approved
are
areas
arizona
arlington
arm
armed
arms
armstrong
army
around
arrested
arrests
artemis
as
asian
ask
asking
aspirations
aspires
assault
assaults
asserting
astronauts
at
attack
attacks
attempts
august
authorities
auto
available
average
aviation
away
babies
baby
back
background
backing
baghdad
baghdadi
ban
bankrupt
banning
barbarians
barrasso
based
battle
be
bear
bears
beaten
beautiful
became
because
become
been
before
beginning
begun
behind
being
believe
believed
beloved
benefits
beside
best
better
between
big
bigger
biggest
bike
bill
billion
billions
bills
bipartisan
birthday
black
blazing
bless
blindsided
blood
bloodthirsty
bloody
blue
bold
bomb
boom
booming
boon
boost
border
borders
born
bottom
box
bradley
bragg
branch
brand
brave
braved
breaking
breakthroughs
brett
bridges
brigadier
bright
brightest
brilliant
bring
broken
brothers
brutal
brutalizes
budget
build
building
built
bullets
burden
burglaries
but
butcher
by
california
caliphate
call
calling
came
campaign
can
canada
canals
cancer
canvas
captivity
car
care
caring
carl
carolina
carried
carries
carved
catastrophic
catch
celebrate
celebrated
century
chairman
challenges
chamber
chance
change
changed
charged
charity
charles
cherish
chest
chief
chiefs
child
childcare
childhood
children
china
chinese
choice
choose
chosen
chris
christopher
chuck
church
cincinnati
cities
citizen
citizens
city
civil
civilian
civilians
class
clear
cleveland
clip
close
closely
coalition
cold
collar
colleagues
college
colleges
color
combat
combating
come
comeback
coming
commitment
committed
communities
community
companies
company
completed
completely
conditions
confidence
confirmed
confront
congratulations
congress
constant
constantly
constitution
constitutional
construction
consumer
contains
continent
contribute
contributions
control
convenience
convictions
cooperation
coordinating
coronavirus
cost
costing
could
countless
countries
country
court
create
created
creating
creative
credit
creed
crime
criminal
critically
crockett
crosses
crossings
cuba
cubans
culture
curbing
cures
current
cuts
dad
dads
daily
dangerous
daughter
davis
davy
day
days
dead
deadly
deal
death
deaths
decade
decades
decay
december
decided
declaring
decline
declined
defend
defending
degree
delay
deliver
delivered
delivery
democracy
democrat
demonstrate
demonstrates
depend
depletion
deployment
depths
deputy
deserving
desk
destinies
destiny
destroy
destroyed
destroys
destruction
detained
detainer
determination
determined
devoted
devotion
diagnosed
diagnosis
dictator
diploma
diplomatic
directed
direction
disabled
disastrous
discoveries
disease
diseases
do
doctor
doctors
doing
dollars
domestically
done
doubled
douglass
down
downsizing
dr
dramatically
dream
dreamed
dreams
dropped
dropping
drug
drugs
dug
during
dwells
earhart
earlier
earliest
early
earn
earners
earp
earth
east
easter
economic
economy
edison
education
effect
effort
efforts
eight
eighth
either
el
election
elements
eliminated
elite
elliana
ellie
embrace
embracing
employed
enabling
enacting
end
ended
endorsed
enemies
energy
enforcement
enough
enslaved
ensure
ensuring
entered
entirely
environment
epic
epidemic
equal
equipment
eradicate
escape
especially
established
eternal
even
evening
ever
every
everybody
everyone
evil
example
exceptional
excitement
exciting
excuses
executed
executive
exist
existing
expand
expensive
experts
explored
exports
extending
extra
extraordinary
eye
face
fact
factories
factory
failed
failing
fair
fairness
faith
falling
families
family
far
farmers
fascism
fast
faster
fastest
father
fathers
fda
federal
fellow
few
fiercest
fight
fighter
fighting
filled
finally
financially
find
finest
fired
first
five
flag
flat
flawless
flourishing
follow
following
food
foolish
for
force
forced
forces
forcing
forever
forfeit
forge
forged
forget
forgot
form
former
fort
fortunes
forty
forward
found
founder
founders
four
fourth
frankly
frederick
free
freed
freedom
fresh
from
frontier
frontiers
full
fully
function
fund
funded
funding
further
future
gage
gained
gains
gallery
gas
general
generals
generation
generic
gentlemen
get
gets
getting
gift
girl
give
given
glad
globe
glorious
glory
go
goal
god
goes
going
gone
good
gorsuch
got
government
governments
governor
grace
grader
graduating
grandest
grandfather
grassley
grateful
great
greater
greatest
greatness
grieving
grip
groundbreaking
grow
grown
growth
gruesome
guaid
guarantee
guarded
guatemala
had
hake
half
hand
handing
hands
happen
happening
happens
hardest
harriet
has
have
he
heading
health
healthcare
healthy
heart
hearts
heavy
heights
held
help
helping
hemisphere
her
here
heritage
hero
heroes
heroic
high
higher
highest
highly
highway
hijacked
him
himself
his
hispanic
historic
historically
history
hit
home
homeland
homeless
honduras
honor
honored
hopes
horrifying
hospital
hours
house
household
how
human
humanitarian
hundred
hundreds
hunger
hurt
husband
i
iain
ice
if
ii
illegal
illegally
illegitimate
illness
immediately
immigrants
immigration
impose
improve
in
includes
including
inclusive
income
incomes
increase
increased
increases
incredible
incredibly
indeed
independent
infectious
infinite
inform
infrastructure
inheritance
initiative
initiatives
injuring
innocent
innovative
inspire
instant
instead
insurance
intellectual
internet
into
introduced
invest
invested
investment
invests
iowa
iranian
iranians
iraq
ironclad
is
isis
islamic
israel
it
its
janiyah
job
jobless
jobs
jody
join
joined
joining
joins
joint
jones
journeys
jr
juan
judges
just
justice
justices
k
kansas
kathryn
kavanaugh
kayla
keep
kelli
kept
kidnapped
kidney
kids
kill
killed
killer
killing
king
know
known
knows
korea
labor
ladies
lady
laid
land
landed
landmark
lanphier
last
late
later
launched
launching
law
lawmakers
lay
leader
leadership
leading
learn
leave
leaving
left
legends
legislation
legislators
legitimate
less
let
letter
level
levels
liberty
life
lift
lifted
lifting
like
likewise
limbaugh
limits
lincoln
lists
little
live
lives
local
long
longest
look
looking
losing
loss
lost
love
loved
low
lower
lowering
lowest
luke
lure
luther
macarthur
madam
made
maduro
magnificent
major
majority
make
makes
making
man
manifest
manufacturing
many
marchers
mark
markets
mars
marsha
martin
massive
massively
masterpiece
matter
may
mcconnell
mcgee
me
means
medal
median
medical
medicare
medicine
medicines
meet
meeting
melania
members
men
menace
mental
mentality
merit
message
met
mexico
middle
might
migrants
miles
military
milley
million
millions
minimum
miracle
miserable
missiles
mission
missions
model
modern
mom
moms
money
monster
month
months
moon
more
most
mother
mothers
moved
moving
mr
much
mueller
murder
murdered
murdering
murders
must
muzzle
my
nafta
name
named
names
narcotics
natal
nation
national
nations
nato
natural
nature
nearly
necessary
need
neglected
neighborhoods
neil
neither
neo
net
never
new
news
next
nicaraguans
nicol
night
no
north
not
nothing
now
nuclear
number
numbers
oakley
obligations
of
off
offer
office
officers
officials
ohio
oil
old
on
once
one
online
only
open
operation
operators
opioid
opportunities
opportunity
oppressive
optimism
or
orchestrated
order
ortiz
other
others
our
out
outbreak
outdated
outrageous
oval
over
overdose
overseen
own
pace
pad
paid
pain
palestinians
parent
parents
part
pass
passed
past
pastors
pathfinders
patient
patients
patriots
patrol
patton
pay
paying
peace
pennsylvania
pensions
people
percent
perfectly
perhaps
period
permanent
pershing
person
pharmaceutical
philadelphia
pieces
pilgrims
pilots
pinned
pioneers
place
places
plan
planes
planned
planning
plans
plant
plants
platitudes
play
please
pleased
pledge
pledging
plummeting
plymouth
poisonous
police
policies
politicians
poor
poorly
popular
possible
potential
pound
pounds
pouring
poverty
power
powerful
powers
pray
prayer
prayers
pre
preachers
precision
predictions
premature
premiums
prepared
prescription
present
president
presidential
prestige
previous
previously
prey
price
prices
pricing
pride
prior
prisoner
prisoners
private
pro
producer
products
profound
program
programs
progress
prohibit
projected
promised
promises
promoted
promoting
promptly
properly
property
proposals
prosperous
protect
protecting
proud
proudly
provide
provided
providing
public
punish
purchased
pursuing
pursuit
put
qasem
quality
quickly
quit
quite
race
radical
raid
railroads
raise
raised
rampage
ranchers
randomized
range
rankins
rape
rapidly
rate
rates
raul
re
reach
reached
reaffirming
real
realize
reason
reasons
rebuild
rebuilt
received
receiving
recent
recently
reciprocal
reciprocity
recognition
recognizing
record
recorded
recoveries
recruits
reduce
reduced
reduction
reference
reform
regardless
regime
region
regulations
regulatory
reign
rejected
relationship
release
released
relentlessly
relieve
religion
religious
remain
remember
reminds
removed
renewed
replace
replaced
report
republic
republican
request
required
requires
requiring
rescue
rescued
research
respect
respected
responsible
rest
restore
restored
restoring
rests
result
results
reunited
reverend
reversed
revive
ride
right
righteous
rights
rise
rising
road
roads
roadside
roaring
robbery
robin
rockets
rocky
rolls
room
roosevelt
row
rowan
rule
ruler
rulers
rules
run
rural
rush
ruthless
s
sacred
sacrifice
safe
safeguard
safely
safety
said
salutes
salvador
same
sanctions
sanctuary
sand
save
say
saying
says
schneider
scholarship
scholarships
school
schools
science
scorned
scott
second
sector
secure
security
see
seen
seized
seizures
selma
senate
senator
send
seniors
sent
sergeant
serious
serve
service
serving
set
setting
settled
sexual
share
shattered
she
shining
ships
short
shot
should
shoulders
showed
sick
siege
sights
sign
signed
simply
since
single
sitting
situation
six
skill
skyscrapers
slashing
smashed
smugglers
so
soared
soaring
social
socialism
socialist
society
soil
soldiers
soleimani
some
someone
something
son
soon
soul
sounds
southern
space
speak
speaker
speaking
spearheaded
special
speed
spirit
sports
spouses
spreading
spree
square
st
stabilize
staff
stage
stamp
stamps
stand
standing
stars
start
state
states
station
step
stephanie
stepping
steps
still
stock
stop
store
stories
story
straight
strategy
strike
strong
stronger
strongest
strongly
struggle
struggling
students
subsidize
substantially
success
sue
suffering
sun
sunday
support
supporting
supportive
supreme
sure
surely
surging
survive
surviving
sustains
symbols
syria
system
systems
take
taken
takeover
taking
talks
tall
tamed
tariffs
task
tax
taxpayer
taxpayers
teach
team
tear
technical
teddy
tens
term
terminated
territorial
territory
terror
terrorism
terrorist
terrorists
texas
th
than
thank
thanks
that
the
theft
their
them
themselves
then
there
these
they
thirty
this
thom
thomas
those
though
thought
thousands
threat
three
thrilled
thrilling
thrive
thriving
through
throughout
tillis
tim
time
times
tired
tireless
to
today
together
told
tomorrow
tonight
tony
too
took
tools
top
tortured
totally
toughest
townsend
trade
tradesman
traffickers
trafficking
tragic
tragically
transcending
transparency
trapped
traveled
treasury
trees
tremendous
trillion
troops
truck
true
truman
trump
truth
tubman
tunnels
tuskegee
two
tyranny
tyrant
ultimate
unaffordable
unbridled
under
undertaken
underway
unemployment
unfair
unifies
uniform
unimaginable
union
unions
united
universities
unknown
unlawfully
unlike
unlimited
unmatched
unparalleled
unprecedented
until
unyielding
up
uphold
upon
urge
us
used
ushered
using
usmca
valley
valor
values
vanquished
vast
ve
vehicle
vehicles
venezuela
venezuelan
venezuelans
very
veteran
veterans
vetoed
vice
viciously
victim
victims
victories
vietnam
vile
violence
violent
vision
vocational
voices
volunteers
wage
wages
wait
waiting
waitlists
walk
walked
wall
want
wants
war
warfighters
warriors
wars
was
washington
watch
watching
we
wealth
wealthy
weapon
weapons
week
weeks
weep
weighing
welcoming
welfare
well
went
were
west
what
when
where
whether
which
while
white
who
whole
why
wicked
wife
wild
wilderness
wildly
will
williams
win
winner
winning
wiping
wisconsin
with
without
witness
woman
women
wonderfully
wonders
words
work
worked
worker
workers
workforce
working
works
world
worth
would
wounded
wright
written
wrote
wyatt
xi
year
years
yet
york
you
young
youngest
your
youth
zones
